[DEBUG] 2026-01-01 17:32:54 - Docker check passed
[DEBUG] 2026-01-01 17:32:54 - GPU runtime check passed
[DEBUG] 2026-01-01 17:32:54 - Configuration:
[DEBUG] 2026-01-01 17:32:54 -   Image: nvcr.io/nvidia/pytorch:25.12-py3
[DEBUG] 2026-01-01 17:32:54 -   Container: ngc-nvidia-ngc-container-setup-e88b2d24
[DEBUG] 2026-01-01 17:32:54 -   Workdir: /home/flam-spark/Projects/amrit/nvidia-ngc-container-setup
[DEBUG] 2026-01-01 17:32:54 -   GPUs: all
▶ Creating container: ngc-nvidia-ngc-container-setup-e88b2d24
[DEBUG] 2026-01-01 17:32:54 - Running as user: 1000:1000
041b2003bcf030dff6f72d60bf1eda24c120e0f1246f2e5369e8d115bd12db7e
✔ Container created and started
✔ Environment ready
ℹ Enter with: ngc exec
[DEBUG] 2026-01-01 17:33:01 - Docker check passed
[DEBUG] 2026-01-01 17:35:10 - Docker check passed
✖ Removing container (your code on host is safe)
ngc-nvidia-ngc-container-setup-e88b2d24
✔ Container removed
[DEBUG] 2026-01-01 17:35:26 - Docker check passed
[DEBUG] 2026-01-01 17:35:26 - GPU runtime check passed
[DEBUG] 2026-01-01 17:35:26 - Configuration:
[DEBUG] 2026-01-01 17:35:26 -   Image: nvcr.io/nvidia/pytorch:25.12-py3
[DEBUG] 2026-01-01 17:35:26 -   Container: ngc-nvidia-ngc-container-setup-e88b2d24
[DEBUG] 2026-01-01 17:35:26 -   Workdir: /home/flam-spark/Projects/amrit/nvidia-ngc-container-setup
[DEBUG] 2026-01-01 17:35:26 -   GPUs: all
▶ Creating container: ngc-nvidia-ngc-container-setup-e88b2d24
[DEBUG] 2026-01-01 17:35:26 - Running as user: 1000:1000
7401151f0de0eed90ca6d89196fef8ba2a1da905f637a315b46e02a468db03ad
✔ Container created and started
✔ Environment ready
ℹ Enter with: ngc exec
[DEBUG] 2026-01-01 17:35:34 - Docker check passed
[DEBUG] 2026-01-01 17:35:34 - GPU runtime check passed
[DEBUG] 2026-01-01 17:35:34 - Configuration:
[DEBUG] 2026-01-01 17:35:34 -   Image: nvcr.io/nvidia/pytorch:25.12-py3
[DEBUG] 2026-01-01 17:35:34 -   Container: ngc-nvidia-ngc-container-setup-e88b2d24
[DEBUG] 2026-01-01 17:35:34 -   Workdir: /home/flam-spark/Projects/amrit/nvidia-ngc-container-setup
[DEBUG] 2026-01-01 17:35:34 -   GPUs: all
ℹ Container already running
✔ Environment ready
ℹ Enter with: ngc exec
▶ Cleaning NGC artifacts
ℹ Searching for stopped NGC containers...
ℹ No stopped NGC containers found
✔ Cleanup complete
✖ Unknown command: stop. Use 'ngc help' for usage.
[DEBUG] 2026-01-01 17:38:18 - Docker check passed
■ Stopping container
ngc-nvidia-ngc-container-setup-e88b2d24
✔ Container stopped
▶ Cleaning NGC artifacts
ℹ Searching for stopped NGC containers...
✔ Removed: ngc-nvidia-ngc-container-setup-e88b2d24
✔ Cleanup complete
✖ Unknown command: juypter. Use 'ngc help' for usage.
[DEBUG] 2026-01-01 17:39:18 - Docker check passed
✖ Container not running. Start with: ngc up --port 8888:8888
[DEBUG] 2026-01-01 17:39:35 - Docker check passed
[DEBUG] 2026-01-01 17:39:35 - GPU runtime check passed
[DEBUG] 2026-01-01 17:39:35 - Configuration:
[DEBUG] 2026-01-01 17:39:35 -   Image: nvcr.io/nvidia/pytorch:25.12-py3
[DEBUG] 2026-01-01 17:39:35 -   Container: ngc-nvidia-ngc-container-setup-e88b2d24
[DEBUG] 2026-01-01 17:39:35 -   Workdir: /home/flam-spark/Projects/amrit/nvidia-ngc-container-setup
[DEBUG] 2026-01-01 17:39:35 -   GPUs: all
▶ Creating container: ngc-nvidia-ngc-container-setup-e88b2d24
[DEBUG] 2026-01-01 17:39:35 - Forwarding port: 8888:8888
[DEBUG] 2026-01-01 17:39:35 - Running as user: 1000:1000
c74f955f72733b14ea6190968847e3b1ef5ac39959d6423c1a234ae5be21915b
✔ Container created and started
✔ Environment ready
ℹ Ports forwarded: 8888:8888
ℹ Enter with: ngc exec
[DEBUG] 2026-01-01 17:39:39 - Docker check passed
▶ Starting Jupyter Lab on port 8888
[DEBUG] 2026-01-01 17:40:28 - Docker check passed
■ Stopping container
ngc-nvidia-ngc-container-setup-e88b2d24
✔ Container stopped
▶ Cleaning NGC artifacts
ℹ Searching for stopped NGC containers...
✔ Removed: ngc-nvidia-ngc-container-setup-e88b2d24
✔ Cleanup complete
✖ Unknown command: ls. Use 'ngc help' for usage.
[DEBUG] 2026-01-01 18:01:46 - Docker check passed
[DEBUG] 2026-01-01 18:01:46 - GPU runtime check passed
[DEBUG] 2026-01-01 18:01:46 - Configuration:
[DEBUG] 2026-01-01 18:01:46 -   Image: nvcr.io/nvidia/pytorch:25.12-py3
[DEBUG] 2026-01-01 18:01:46 -   Container: ngc-nvidia-ngc-container-setup-e88b2d24
[DEBUG] 2026-01-01 18:01:46 -   Workdir: /home/flam-spark/Projects/amrit/nvidia-ngc-container-setup
[DEBUG] 2026-01-01 18:01:46 -   GPUs: all
▶ Creating container: ngc-nvidia-ngc-container-setup-e88b2d24
[DEBUG] 2026-01-01 18:01:46 - Running as user: 1000:1000
8d9f013151615e939d0fff2245957ba909fb795e27c4189ccd82acdccec0157c
✔ Container created and started
▶ Installing requirements from: requirements.txt
Defaulting to user installation because normal site-packages is not writeable
Requirement already satisfied: pip in /usr/local/lib/python3.12/dist-packages (25.3)
Defaulting to user installation because normal site-packages is not writeable
Collecting transformers (from -r /workspace/requirements.txt (line 1))
  Downloading transformers-4.57.3-py3-none-any.whl.metadata (43 kB)
Collecting diffusers (from -r /workspace/requirements.txt (line 2))
  Downloading diffusers-0.36.0-py3-none-any.whl.metadata (20 kB)
Collecting fastapi (from -r /workspace/requirements.txt (line 3))
  Downloading fastapi-0.128.0-py3-none-any.whl.metadata (30 kB)
Collecting uvicorn (from -r /workspace/requirements.txt (line 4))
  Downloading uvicorn-0.40.0-py3-none-any.whl.metadata (6.7 kB)
Requirement already satisfied: filelock in /usr/local/lib/python3.12/dist-packages (from transformers->-r /workspace/requirements.txt (line 1)) (3.20.1)
Collecting huggingface-hub<1.0,>=0.34.0 (from transformers->-r /workspace/requirements.txt (line 1))
  Downloading huggingface_hub-0.36.0-py3-none-any.whl.metadata (14 kB)
Requirement already satisfied: numpy>=1.17 in /usr/local/lib/python3.12/dist-packages (from transformers->-r /workspace/requirements.txt (line 1)) (2.1.0)
Requirement already satisfied: packaging>=20.0 in /usr/local/lib/python3.12/dist-packages (from transformers->-r /workspace/requirements.txt (line 1)) (25.0)
Requirement already satisfied: pyyaml>=5.1 in /usr/local/lib/python3.12/dist-packages (from transformers->-r /workspace/requirements.txt (line 1)) (6.0.3)
Requirement already satisfied: regex!=2019.12.17 in /usr/local/lib/python3.12/dist-packages (from transformers->-r /workspace/requirements.txt (line 1)) (2025.11.3)
Requirement already satisfied: requests in /usr/local/lib/python3.12/dist-packages (from transformers->-r /workspace/requirements.txt (line 1)) (2.32.5)
Requirement already satisfied: tokenizers<=0.23.0,>=0.22.0 in /usr/local/lib/python3.12/dist-packages (from transformers->-r /workspace/requirements.txt (line 1)) (0.22.1)
Requirement already satisfied: safetensors>=0.4.3 in /usr/local/lib/python3.12/dist-packages (from transformers->-r /workspace/requirements.txt (line 1)) (0.7.0)
Requirement already satisfied: tqdm>=4.27 in /usr/local/lib/python3.12/dist-packages (from transformers->-r /workspace/requirements.txt (line 1)) (4.67.1)
Requirement already satisfied: fsspec>=2023.5.0 in /usr/local/lib/python3.12/dist-packages (from huggingface-hub<1.0,>=0.34.0->transformers->-r /workspace/requirements.txt (line 1)) (2025.10.0)
Requirement already satisfied: typing-extensions>=3.7.4.3 in /usr/local/lib/python3.12/dist-packages (from huggingface-hub<1.0,>=0.34.0->transformers->-r /workspace/requirements.txt (line 1)) (4.15.0)
Requirement already satisfied: hf-xet<2.0.0,>=1.1.3 in /usr/local/lib/python3.12/dist-packages (from huggingface-hub<1.0,>=0.34.0->transformers->-r /workspace/requirements.txt (line 1)) (1.2.0)
Requirement already satisfied: importlib_metadata in /usr/local/lib/python3.12/dist-packages (from diffusers->-r /workspace/requirements.txt (line 2)) (8.7.0)
Requirement already satisfied: httpx<1.0.0 in /usr/local/lib/python3.12/dist-packages (from diffusers->-r /workspace/requirements.txt (line 2)) (0.28.1)
Requirement already satisfied: Pillow in /usr/local/lib/python3.12/dist-packages (from diffusers->-r /workspace/requirements.txt (line 2)) (12.0.0)
Requirement already satisfied: anyio in /usr/local/lib/python3.12/dist-packages (from httpx<1.0.0->diffusers->-r /workspace/requirements.txt (line 2)) (4.12.0)
Requirement already satisfied: certifi in /usr/local/lib/python3.12/dist-packages (from httpx<1.0.0->diffusers->-r /workspace/requirements.txt (line 2)) (2025.11.12)
Requirement already satisfied: httpcore==1.* in /usr/local/lib/python3.12/dist-packages (from httpx<1.0.0->diffusers->-r /workspace/requirements.txt (line 2)) (1.0.9)
Requirement already satisfied: idna in /usr/local/lib/python3.12/dist-packages (from httpx<1.0.0->diffusers->-r /workspace/requirements.txt (line 2)) (3.11)
Requirement already satisfied: h11>=0.16 in /usr/local/lib/python3.12/dist-packages (from httpcore==1.*->httpx<1.0.0->diffusers->-r /workspace/requirements.txt (line 2)) (0.16.0)
Collecting starlette<0.51.0,>=0.40.0 (from fastapi->-r /workspace/requirements.txt (line 3))
  Downloading starlette-0.50.0-py3-none-any.whl.metadata (6.3 kB)
Requirement already satisfied: pydantic>=2.7.0 in /usr/local/lib/python3.12/dist-packages (from fastapi->-r /workspace/requirements.txt (line 3)) (2.12.5)
Collecting annotated-doc>=0.0.2 (from fastapi->-r /workspace/requirements.txt (line 3))
  Downloading annotated_doc-0.0.4-py3-none-any.whl.metadata (6.6 kB)
Requirement already satisfied: click>=7.0 in /usr/local/lib/python3.12/dist-packages (from uvicorn->-r /workspace/requirements.txt (line 4)) (8.3.1)
Requirement already satisfied: annotated-types>=0.6.0 in /usr/local/lib/python3.12/dist-packages (from pydantic>=2.7.0->fastapi->-r /workspace/requirements.txt (line 3)) (0.7.0)
Requirement already satisfied: pydantic-core==2.41.5 in /usr/local/lib/python3.12/dist-packages (from pydantic>=2.7.0->fastapi->-r /workspace/requirements.txt (line 3)) (2.41.5)
Requirement already satisfied: typing-inspection>=0.4.2 in /usr/local/lib/python3.12/dist-packages (from pydantic>=2.7.0->fastapi->-r /workspace/requirements.txt (line 3)) (0.4.2)
Requirement already satisfied: zipp>=3.20 in /usr/local/lib/python3.12/dist-packages (from importlib_metadata->diffusers->-r /workspace/requirements.txt (line 2)) (3.23.0)
Requirement already satisfied: charset_normalizer<4,>=2 in /usr/local/lib/python3.12/dist-packages (from requests->transformers->-r /workspace/requirements.txt (line 1)) (3.4.4)
Requirement already satisfied: urllib3<3,>=1.21.1 in /usr/local/lib/python3.12/dist-packages (from requests->transformers->-r /workspace/requirements.txt (line 1)) (2.6.1)
Downloading transformers-4.57.3-py3-none-any.whl (12.0 MB)
   ━━━━━━━━━━━━━━━━━━━━━━━━━━━━━━━━━━━━━━━━ 12.0/12.0 MB 20.5 MB/s  0:00:00
Downloading huggingface_hub-0.36.0-py3-none-any.whl (566 kB)
   ━━━━━━━━━━━━━━━━━━━━━━━━━━━━━━━━━━━━━━━━ 566.1/566.1 kB 10.0 MB/s  0:00:00
Downloading diffusers-0.36.0-py3-none-any.whl (4.6 MB)
   ━━━━━━━━━━━━━━━━━━━━━━━━━━━━━━━━━━━━━━━━ 4.6/4.6 MB 8.4 MB/s  0:00:00
Downloading fastapi-0.128.0-py3-none-any.whl (103 kB)
Downloading starlette-0.50.0-py3-none-any.whl (74 kB)
Downloading uvicorn-0.40.0-py3-none-any.whl (68 kB)
Downloading annotated_doc-0.0.4-py3-none-any.whl (5.3 kB)
Installing collected packages: uvicorn, annotated-doc, starlette, huggingface-hub, fastapi, diffusers, transformers
  WARNING: The script uvicorn is installed in '/home/ubuntu/.local/bin' which is not on PATH.
  Consider adding this directory to PATH or, if you prefer to suppress this warning, use --no-warn-script-location.
  WARNING: The scripts hf, huggingface-cli and tiny-agents are installed in '/home/ubuntu/.local/bin' which is not on PATH.
  Consider adding this directory to PATH or, if you prefer to suppress this warning, use --no-warn-script-location.
  WARNING: The script fastapi is installed in '/home/ubuntu/.local/bin' which is not on PATH.
  Consider adding this directory to PATH or, if you prefer to suppress this warning, use --no-warn-script-location.
  WARNING: The script diffusers-cli is installed in '/home/ubuntu/.local/bin' which is not on PATH.
  Consider adding this directory to PATH or, if you prefer to suppress this warning, use --no-warn-script-location.
  WARNING: The scripts transformers and transformers-cli are installed in '/home/ubuntu/.local/bin' which is not on PATH.
  Consider adding this directory to PATH or, if you prefer to suppress this warning, use --no-warn-script-location.

Successfully installed annotated-doc-0.0.4 diffusers-0.36.0 fastapi-0.128.0 huggingface-hub-0.36.0 starlette-0.50.0 transformers-4.57.3 uvicorn-0.40.0
✔ Requirements installed
✔ Environment ready
ℹ Enter with: ngc exec
[DEBUG] 2026-01-01 18:02:00 - Docker check passed
[DEBUG] 2026-01-01 18:02:46 - Docker check passed
✖ Removing container (your code on host is safe)
ngc-nvidia-ngc-container-setup-e88b2d24
✔ Container removed
[DEBUG] 2026-01-01 18:07:36 - Docker check passed
[DEBUG] 2026-01-01 18:07:36 - GPU runtime check passed
[DEBUG] 2026-01-01 18:07:36 - Configuration:
[DEBUG] 2026-01-01 18:07:36 -   Image: nvcr.io/nvidia/pytorch:25.12-py3
[DEBUG] 2026-01-01 18:07:36 -   Container: ngc-nvidia-ngc-container-setup-e88b2d24
[DEBUG] 2026-01-01 18:07:36 -   Workdir: /home/flam-spark/Projects/amrit/nvidia-ngc-container-setup
[DEBUG] 2026-01-01 18:07:36 -   GPUs: all
▶ Creating container: ngc-nvidia-ngc-container-setup-e88b2d24
[DEBUG] 2026-01-01 18:07:36 - Running as user: 1000:1000
4c1ba1559d99b51e99e480f1a270643e0b2d6b0dd2447a56bdb7d2abac585487
✔ Container created and started
✔ Environment ready
ℹ Enter with: ngc exec
[DEBUG] 2026-01-01 18:08:26 - Docker check passed
[DEBUG] 2026-01-01 18:08:41 - Docker check passed
✖ Unknown command: stop. Use 'ngc help' for usage.
[DEBUG] 2026-01-01 18:10:01 - Docker check passed
■ Stopping container
ngc-nvidia-ngc-container-setup-e88b2d24
✔ Container stopped
▶ Cleaning NGC artifacts
✔ Cleanup complete
▶ Cleaning NGC artifacts
ℹ Searching for stopped NGC containers...
✔ Removed: ngc-nvidia-ngc-container-setup-e88b2d24
✔ Cleanup complete
